INFO: [VRFC 10-2263] Analyzing Verilog file "C:/Users/ksp5368/Documents/CMPEN331/Project_5/Project_5.srcs/sources_1/new/Design.v" into library xil_defaultlib
INFO: [VRFC 10-311] analyzing module DataPath
INFO: [VRFC 10-2263] Analyzing Verilog file "C:/Users/ksp5368/Documents/CMPEN331/Project_5/Project_5.srcs/sources_1/new/Modules.v" into library xil_defaultlib
INFO: [VRFC 10-311] analyzing module PC
INFO: [VRFC 10-311] analyzing module InstructionMemory
INFO: [VRFC 10-311] analyzing module PCAdder
INFO: [VRFC 10-311] analyzing module IFIDPipelineReg
INFO: [VRFC 10-311] analyzing module ControlUnit
INFO: [VRFC 10-311] analyzing module RegrtMux
INFO: [VRFC 10-311] analyzing module RegFile
INFO: [VRFC 10-311] analyzing module ImmExtender
INFO: [VRFC 10-311] analyzing module IDEXEPipelineReg
INFO: [VRFC 10-311] analyzing module ALUMux
INFO: [VRFC 10-311] analyzing module ALU
INFO: [VRFC 10-311] analyzing module EXEMEMPipelineReg
INFO: [VRFC 10-311] analyzing module DataMemory
INFO: [VRFC 10-311] analyzing module MEMWBPipelineReg
INFO: [VRFC 10-311] analyzing module WbMux
INFO: [VRFC 10-2263] Analyzing Verilog file "C:/Users/ksp5368/Documents/CMPEN331/Project_5/Project_5.srcs/sim_1/new/testbench.v" into library xil_defaultlib
INFO: [VRFC 10-311] analyzing module testbench
