This is pdfTeX, Version 3.141592653-2.6-1.40.22 (TeX Live 2021) (preloaded format=pdflatex 2022.1.18)  6 DEC 2022 16:04
entering extended mode
 restricted \write18 enabled.
 file:line:error style messages enabled.
 %&-line parsing enabled.
**/Users/kinner/Documents/School/CMPEN331/Project_5_Report/Proj5.tex
(/Users/kinner/Documents/School/CMPEN331/Project_5_Report/Proj5.tex
LaTeX2e <2020-10-01> patch level 4
L3 programming layer <2021-02-18> (/usr/local/texlive/2021/texmf-dist/tex/latex/base/article.cls
Document Class: article 2020/04/10 v1.4m Standard LaTeX document class
(/usr/local/texlive/2021/texmf-dist/tex/latex/base/size11.clo
File: size11.clo 2020/04/10 v1.4m Standard LaTeX file (size option)
)
\c@part=\count179
\c@section=\count180
\c@subsection=\count181
\c@subsubsection=\count182
\c@paragraph=\count183
\c@subparagraph=\count184
\c@figure=\count185
\c@table=\count186
\abovecaptionskip=\skip47
\belowcaptionskip=\skip48
\bibindent=\dimen138
) (/usr/local/texlive/2021/texmf-dist/tex/latex/multirow/multirow.sty
Package: multirow 2021/03/15 v2.8 Span multiple rows of a table
\multirow@colwidth=\skip49
\multirow@cntb=\count187
\multirow@dima=\skip50
\bigstrutjot=\dimen139
) (/usr/local/texlive/2021/texmf-dist/tex/latex/tools/tabularx.sty
Package: tabularx 2020/01/15 v2.11c `tabularx' package (DPC)
 (/usr/local/texlive/2021/texmf-dist/tex/latex/tools/array.sty
Package: array 2020/10/01 v2.5c Tabular extension package (FMi)
\col@sep=\dimen140
\ar@mcellbox=\box47
\extrarowheight=\dimen141
\NC@list=\toks15
\extratabsurround=\skip51
\backup@length=\skip52
\ar@cellbox=\box48
)
\TX@col@width=\dimen142
\TX@old@table=\dimen143
\TX@old@col=\dimen144
\TX@target=\dimen145
\TX@delta=\dimen146
\TX@cols=\count188
\TX@ftn=\toks16
) (/usr/local/texlive/2021/texmf-dist/tex/latex/tools/longtable.sty
Package: longtable 2020/01/07 v4.13 Multi-page Table package (DPC)
\LTleft=\skip53
\LTright=\skip54
\LTpre=\skip55
\LTpost=\skip56
\LTchunksize=\count189
\LTcapwidth=\dimen147
\LT@head=\box49
\LT@firsthead=\box50
\LT@foot=\box51
\LT@lastfoot=\box52
\LT@cols=\count190
\LT@rows=\count191
\c@LT@tables=\count192
\c@LT@chunks=\count193
\LT@p@ftn=\toks17
) (/usr/local/texlive/2021/texmf-dist/tex/latex/listings/listings.sty (/usr/local/texlive/2021/texmf-dist/tex/latex/graphics/keyval.sty
Package: keyval 2014/10/28 v1.15 key=value parser (DPC)
\KV@toks@=\toks18
)
\lst@mode=\count194
\lst@gtempboxa=\box53
\lst@token=\toks19
\lst@length=\count195
\lst@currlwidth=\dimen148
\lst@column=\count196
\lst@pos=\count197
\lst@lostspace=\dimen149
\lst@width=\dimen150
\lst@newlines=\count198
\lst@lineno=\count199
\lst@maxwidth=\dimen151
 (/usr/local/texlive/2021/texmf-dist/tex/latex/listings/lstmisc.sty
File: lstmisc.sty 2020/03/24 1.8d (Carsten Heinz)
\c@lstnumber=\count266
\lst@skipnumbers=\count267
\lst@framebox=\box54
) (/usr/local/texlive/2021/texmf-dist/tex/latex/listings/listings.cfg
File: listings.cfg 2020/03/24 1.8d listings configuration
))
Package: listings 2020/03/24 1.8d (Carsten Heinz)
 (/usr/local/texlive/2021/texmf-dist/tex/latex/graphics/graphicx.sty
Package: graphicx 2020/09/09 v1.2b Enhanced LaTeX Graphics (DPC,SPQR)
 (/usr/local/texlive/2021/texmf-dist/tex/latex/graphics/graphics.sty
Package: graphics 2020/08/30 v1.4c Standard LaTeX Graphics (DPC,SPQR)
 (/usr/local/texlive/2021/texmf-dist/tex/latex/graphics/trig.sty
Package: trig 2016/01/03 v1.10 sin cos tan (DPC)
) (/usr/local/texlive/2021/texmf-dist/tex/latex/graphics-cfg/graphics.cfg
File: graphics.cfg 2016/06/04 v1.11 sample graphics configuration
)
Package graphics Info: Driver file: pdftex.def on input line 105.
 (/usr/local/texlive/2021/texmf-dist/tex/latex/graphics-def/pdftex.def
File: pdftex.def 2020/10/05 v1.2a Graphics/color driver for pdftex
))
\Gin@req@height=\dimen152
\Gin@req@width=\dimen153
) (/usr/local/texlive/2021/texmf-dist/tex/latex/l3backend/l3backend-pdftex.def
File: l3backend-pdftex.def 2021-03-18 L3 backend support: PDF output (pdfTeX)
\l__color_backend_stack_int=\count268
\l__pdf_internal_box=\box55
) (/Users/kinner/Documents/School/CMPEN331/Project_5_Report/Proj5.aux)
\openout1 = `Proj5.aux'.

LaTeX Font Info:    Checking defaults for OML/cmm/m/it on input line 21.
LaTeX Font Info:    ... okay on input line 21.
LaTeX Font Info:    Checking defaults for OMS/cmsy/m/n on input line 21.
LaTeX Font Info:    ... okay on input line 21.
LaTeX Font Info:    Checking defaults for OT1/cmr/m/n on input line 21.
LaTeX Font Info:    ... okay on input line 21.
LaTeX Font Info:    Checking defaults for T1/cmr/m/n on input line 21.
LaTeX Font Info:    ... okay on input line 21.
LaTeX Font Info:    Checking defaults for TS1/cmr/m/n on input line 21.
LaTeX Font Info:    ... okay on input line 21.
LaTeX Font Info:    Checking defaults for OMX/cmex/m/n on input line 21.
LaTeX Font Info:    ... okay on input line 21.
LaTeX Font Info:    Checking defaults for U/cmr/m/n on input line 21.
LaTeX Font Info:    ... okay on input line 21.
\c@lstlisting=\count269
 (/usr/local/texlive/2021/texmf-dist/tex/context/base/mkii/supp-pdf.mkii
[Loading MPS to PDF converter (version 2006.09.02).]
\scratchcounter=\count270
\scratchdimen=\dimen154
\scratchbox=\box56
\nofMPsegments=\count271
\nofMParguments=\count272
\everyMPshowfont=\toks20
\MPscratchCnt=\count273
\MPscratchDim=\dimen155
\MPnumerator=\count274
\makeMPintoPDFobject=\count275
\everyMPtoPDFconversion=\toks21
) (/usr/local/texlive/2021/texmf-dist/tex/latex/epstopdf-pkg/epstopdf-base.sty
Package: epstopdf-base 2020-01-24 v2.11 Base part for package epstopdf
Package epstopdf-base Info: Redefining graphics rule for `.eps' on input line 485.
 (/usr/local/texlive/2021/texmf-dist/tex/latex/latexconfig/epstopdf-sys.cfg
File: epstopdf-sys.cfg 2010/07/13 v1.3 Configuration of (r)epstopdf for TeX Live
))
LaTeX Font Info:    External font `cmex10' loaded for size
(Font)              <12> on input line 33.
LaTeX Font Info:    External font `cmex10' loaded for size
(Font)              <8> on input line 33.
LaTeX Font Info:    External font `cmex10' loaded for size
(Font)              <6> on input line 33.
 [1

{/usr/local/texlive/2021/texmf-var/fonts/map/pdftex/updmap/pdftex.map}] (/Users/kinner/Documents/School/CMPEN331/Project_5_Report/Modules.v
Overfull \hbox (132.05688pt too wide) in paragraph at lines 2--3
[][][] 
 []


Overfull \hbox (132.05688pt too wide) in paragraph at lines 20--23
[][][] 
 []

[2]
Overfull \hbox (0.98541pt too wide) in paragraph at lines 43--44
[][][][][][][][][][][][][][][][][][][][][][][] 
 []


Overfull \hbox (0.98541pt too wide) in paragraph at lines 44--45
[][][][][][][][][][][][][][][][][][][][][][][] 
 []


Overfull \hbox (0.98541pt too wide) in paragraph at lines 45--46
[][][][][][][][][][][][][][][][][][][][][][][] 
 []


Overfull \hbox (0.98541pt too wide) in paragraph at lines 46--47
[][][][][][][][][][][][][][][][][][][][][][][] 
 []


Overfull \hbox (118.25989pt too wide) in paragraph at lines 47--48
[][][][][][][][][][][][][][][][][][][][][][][][][][][][][][][] 
 []

[3] [4] [5] [6] [7] [8]) [9] (/Users/kinner/Documents/School/CMPEN331/Project_5_Report/Modules.v
Overfull \hbox (132.05688pt too wide) in paragraph at lines 2--3
[][][] 
 []


Overfull \hbox (132.05688pt too wide) in paragraph at lines 20--23
[][][] 
 []


Overfull \hbox (0.98541pt too wide) in paragraph at lines 43--44
[][][][][][][][][][][][][][][][][][][][][][][] 
 []

[10]
Overfull \hbox (0.98541pt too wide) in paragraph at lines 44--45
[][][][][][][][][][][][][][][][][][][][][][][] 
 []


Overfull \hbox (0.98541pt too wide) in paragraph at lines 45--46
[][][][][][][][][][][][][][][][][][][][][][][] 
 []


Overfull \hbox (0.98541pt too wide) in paragraph at lines 46--47
[][][][][][][][][][][][][][][][][][][][][][][] 
 []


Overfull \hbox (118.25989pt too wide) in paragraph at lines 47--48
[][][][][][][][][][][][][][][][][][][][][][][][][][][][][][][] 
 []

[11] [12] [13] [14] [15] [16]) [17] (/Users/kinner/Documents/School/CMPEN331/Project_5_Report/testbench.v
Overfull \hbox (132.05688pt too wide) in paragraph at lines 2--3
[][][] 
 []


Overfull \hbox (132.05688pt too wide) in paragraph at lines 20--23
[][][] 
 []

[18]
Overfull \hbox (318.31635pt too wide) in paragraph at lines 58--60
[][][][][][][][][][][][][][][][][][][][][][][][][][][][][][][][][][][][][][][][][][][] 
 []

)
LaTeX Font Info:    External font `cmex10' loaded for size
(Font)              <10.95> on input line 60.
<waveform.png, id=64, 901.86937pt x 397.485pt>
File: waveform.png Graphic file (type png)
<use waveform.png>
Package pdftex.def Info: waveform.png  used on input line 62.
(pdftex.def)             Requested size: 433.62pt x 191.11208pt.
 [19 </Users/kinner/Documents/School/CMPEN331/Project_5_Report/waveform.png>]
<schematic.png, id=71, 173.14688pt x 606.76688pt>
File: schematic.png Graphic file (type png)
<use schematic.png>
Package pdftex.def Info: schematic.png  used on input line 68.
(pdftex.def)             Requested size: 173.14645pt x 606.7654pt.
 [20]
Overfull \vbox (28.60541pt too high) has occurred while \output is active []

 [21 </Users/kinner/Documents/School/CMPEN331/Project_5_Report/schematic.png>]
<ioplan.png, id=79, 358.33875pt x 362.10281pt>
File: ioplan.png Graphic file (type png)
<use ioplan.png>
Package pdftex.def Info: ioplan.png  used on input line 74.
(pdftex.def)             Requested size: 433.62pt x 438.20099pt.
 [22 </Users/kinner/Documents/School/CMPEN331/Project_5_Report/ioplan.png>]
<floorplan.png, id=84, 345.54094pt x 376.40625pt>
File: floorplan.png Graphic file (type png)
<use floorplan.png>
Package pdftex.def Info: floorplan.png  used on input line 79.
(pdftex.def)             Requested size: 433.62pt x 472.36179pt.
 [23 </Users/kinner/Documents/School/CMPEN331/Project_5_Report/floorplan.png>] (/Users/kinner/Documents/School/CMPEN331/Project_5_Report/Proj5.aux) ) 
Here is how much of TeX's memory you used:
 3090 strings out of 478994
 43856 string characters out of 5858184
 370750 words of memory out of 5000000
 20573 multiletter control sequences out of 15000+600000
 408154 words of font info for 43 fonts, out of 8000000 for 9000
 1141 hyphenation exceptions out of 8191
 68i,6n,74p,267b,1519s stack positions out of 5000i,500n,10000p,200000b,80000s
</usr/local/texlive/2021/texmf-dist/fonts/type1/public/amsfonts/cm/cmbx12.pfb></usr/local/texlive/2021/texmf-dist/fonts/type1/public/amsfonts/cm/cmr10.pfb></usr/local/texlive/2021/texmf-dist/fonts/type1/public/amsfonts/cm/cmr12.pfb></usr/local/texlive/2021/texmf-dist/fonts/type1/public/amsfonts/cm/cmr17.pfb></usr/local/texlive/2021/texmf-dist/fonts/type1/public/amsfonts/cm/cmtt10.pfb>
Output written on /Users/kinner/Documents/School/CMPEN331/Project_5_Report/Proj5.pdf (23 pages, 149155 bytes).
PDF statistics:
 107 PDF objects out of 1000 (max. 8388607)
 68 compressed objects within 1 object stream
 0 named destinations out of 1000 (max. 500000)
 21 words of extra memory for PDF output out of 10000 (max. 10000000)

