#-----------------------------------------------------------
# Vivado v2022.1 (64-bit)
# SW Build 3526262 on Mon Apr 18 15:48:16 MDT 2022
# IP Build 3524634 on Mon Apr 18 20:55:01 MDT 2022
# Start of session at: Thu Dec 15 18:38:48 2022
# Process ID: 2528
# Current directory: C:/Users/ksp5368/Documents/CMPEN331/Project_5
# Command line: vivado.exe -gui_launcher_event rodinguilauncherevent8832 C:\Users\ksp5368\Documents\CMPEN331\Project_5\Project_5.xpr
# Log file: C:/Users/ksp5368/Documents/CMPEN331/Project_5/vivado.log
# Journal file: C:/Users/ksp5368/Documents/CMPEN331/Project_5\vivado.jou
# Running On: E5-CSE-136-29, OS: Windows, CPU Frequency: 2904 MHz, CPU Physical cores: 8, Host memory: 16888 MB
#-----------------------------------------------------------
start_gui
open_project C:/Users/ksp5368/Documents/CMPEN331/Project_5/Project_5.xpr
WARNING: [Board 49-26] cannot add Board Part xilinx.com:kcu116:part0:1.4 available at C:/Xilinx/Vivado/2022.1/data/xhub/boards/XilinxBoardStore/boards/Xilinx/kcu116/1.4/board.xml as part xcku5p-ffvb676-2-e specified in board_part file is either invalid or not available
WARNING: [Board 49-26] cannot add Board Part xilinx.com:kcu116:part0:1.5 available at C:/Xilinx/Vivado/2022.1/data/xhub/boards/XilinxBoardStore/boards/Xilinx/kcu116/1.5/board.xml as part xcku5p-ffvb676-2-e specified in board_part file is either invalid or not available
WARNING: [Board 49-26] cannot add Board Part xilinx.com:vcu128:part0:1.0 available at C:/Xilinx/Vivado/2022.1/data/xhub/boards/XilinxBoardStore/boards/Xilinx/vcu128/production/1.0/board.xml as part xcvu37p-fsvh2892-2l-e specified in board_part file is either invalid or not available
WARNING: [Board 49-26] cannot add Board Part xilinx.com:vcu129:part0:1.0 available at C:/Xilinx/Vivado/2022.1/data/xhub/boards/XilinxBoardStore/boards/Xilinx/vcu129/production/1.0/board.xml as part xcvu29p-fsga2577-2l-e specified in board_part file is either invalid or not available
WARNING: [Board 49-26] cannot add Board Part xilinx.com:vmk180:part0:2.2 available at C:/Xilinx/Vivado/2022.1/data/xhub/boards/XilinxBoardStore/boards/Xilinx/vmk180/production/2.2/board.xml as part xcvm1802-vsva2197-2mp-e-s specified in board_part file is either invalid or not available
WARNING: [Board 49-26] cannot add Board Part xilinx.com:vmk180:part0:3.0 available at C:/Xilinx/Vivado/2022.1/data/xhub/boards/XilinxBoardStore/boards/Xilinx/vmk180/production/3.0/board.xml as part xcvm1802-vsva2197-2mp-e-s specified in board_part file is either invalid or not available
WARNING: [Board 49-26] cannot add Board Part xilinx.com:vmk180_newl:part0:1.0 available at C:/Xilinx/Vivado/2022.1/data/xhub/boards/XilinxBoardStore/boards/Xilinx/vmk180_newl/production/1.0/board.xml as part xcvm1802-vsva2197-2mp-e-s specified in board_part file is either invalid or not available
WARNING: [Board 49-26] cannot add Board Part xilinx.com:vpk120_es:part0:1.2 available at C:/Xilinx/Vivado/2022.1/data/xhub/boards/XilinxBoardStore/boards/Xilinx/vpk120/es/1.2/board.xml as part xcvp1202-vsva2785-2mp-e-s-es1 specified in board_part file is either invalid or not available
WARNING: [Board 49-26] cannot add Board Part xilinx.com:vpk120_es_revb:part0:1.0 available at C:/Xilinx/Vivado/2022.1/data/xhub/boards/XilinxBoardStore/boards/Xilinx/vpk120_revb/es/1.0/board.xml as part xcvp1202-vsva2785-2mp-e-s-es1 specified in board_part file is either invalid or not available
WARNING: [Board 49-26] cannot add Board Part xilinx.com:zcu208ld:part0:2.0 available at C:/Xilinx/Vivado/2022.1/data/xhub/boards/XilinxBoardStore/boards/Xilinx/zcu208ld/production/2.0/board.xml as part xczu58dr-fsvg1517-2-i specified in board_part file is either invalid or not available
WARNING: [Board 49-26] cannot add Board Part xilinx.com:zcu216ld:part0:2.0 available at C:/Xilinx/Vivado/2022.1/data/xhub/boards/XilinxBoardStore/boards/Xilinx/zcu216ld/production/2.0/board.xml as part xczu59dr-ffvf1760-2-i specified in board_part file is either invalid or not available
WARNING: [Board 49-26] cannot add Board Part xilinx.com:zcu670:part0:2.0 available at C:/Xilinx/Vivado/2022.1/data/xhub/boards/XilinxBoardStore/boards/Xilinx/zcu670/2.0/board.xml as part xczu67dr-fsve1156-2-i specified in board_part file is either invalid or not available
WARNING: [Board 49-26] cannot add Board Part xilinx.com:zcu670ld:part0:1.0 available at C:/Xilinx/Vivado/2022.1/data/xhub/boards/XilinxBoardStore/boards/Xilinx/zcu670ld/1.0/board.xml as part xczu57dr-fsve1156-2-i specified in board_part file is either invalid or not available
INFO: [filemgmt 56-3] Default IP Output Path : Could not find the directory 'C:/Users/ksp5368/Documents/CMPEN331/Project_5/Project_5.gen/sources_1'.
Scanning sources...
Finished scanning sources
INFO: [IP_Flow 19-234] Refreshing IP repositories
INFO: [IP_Flow 19-1704] No user IP repositories specified
INFO: [IP_Flow 19-2313] Loaded Vivado IP repository 'C:/Xilinx/Vivado/2022.1/data/ip'.
open_project: Time (s): cpu = 00:00:16 ; elapsed = 00:00:08 . Memory (MB): peak = 1235.918 ; gain = 0.000
launch_simulation
Command: launch_simulation 
INFO: [Vivado 12-12493] Simulation top is 'testbench'
WARNING: [Vivado 12-13340] Unable to auto find GCC executables from simulator install path! (path not set)
WARNING: [Vivado 12-13277] Compiled library path does not exist: ''
INFO: [Vivado 12-5682] Launching behavioral simulation in 'C:/Users/ksp5368/Documents/CMPEN331/Project_5/Project_5.sim/sim_1/behav/xsim'
INFO: [SIM-utils-51] Simulation object is 'sim_1'
INFO: [SIM-utils-72] Using boost library from 'C:/Xilinx/Vivado/2022.1/tps/boost_1_72_0'
INFO: [SIM-utils-54] Inspecting design source files for 'testbench' in fileset 'sim_1'...
INFO: [USF-XSim-97] Finding global include files...
INFO: [USF-XSim-98] Fetching design files from 'sim_1'...
INFO: [USF-XSim-2] XSim::Compile design
INFO: [USF-XSim-61] Executing 'COMPILE and ANALYZE' step in 'C:/Users/ksp5368/Documents/CMPEN331/Project_5/Project_5.sim/sim_1/behav/xsim'
"xvlog --incr --relax -prj testbench_vlog.prj"
INFO: [VRFC 10-2263] Analyzing Verilog file "C:/Users/ksp5368/Documents/CMPEN331/Project_5/Project_5.srcs/sources_1/new/Design.v" into library xil_defaultlib
INFO: [VRFC 10-311] analyzing module DataPath
INFO: [VRFC 10-2263] Analyzing Verilog file "C:/Users/ksp5368/Documents/CMPEN331/Project_5/Project_5.srcs/sources_1/new/Modules.v" into library xil_defaultlib
INFO: [VRFC 10-311] analyzing module PC
INFO: [VRFC 10-311] analyzing module InstructionMemory
INFO: [VRFC 10-311] analyzing module PCAdder
INFO: [VRFC 10-311] analyzing module IFIDPipelineReg
INFO: [VRFC 10-311] analyzing module ControlUnit
ERROR: [VRFC 10-2989] 'edestReg' is not declared [C:/Users/ksp5368/Documents/CMPEN331/Project_5/Project_5.srcs/sources_1/new/Modules.v:112]
ERROR: [VRFC 10-2989] 'edestReg' is not declared [C:/Users/ksp5368/Documents/CMPEN331/Project_5/Project_5.srcs/sources_1/new/Modules.v:114]
ERROR: [VRFC 10-2989] 'mdestReg' is not declared [C:/Users/ksp5368/Documents/CMPEN331/Project_5/Project_5.srcs/sources_1/new/Modules.v:117]
ERROR: [VRFC 10-2989] 'mm2reg' is not declared [C:/Users/ksp5368/Documents/CMPEN331/Project_5/Project_5.srcs/sources_1/new/Modules.v:119]
ERROR: [VRFC 10-2989] 'mdestReg' is not declared [C:/Users/ksp5368/Documents/CMPEN331/Project_5/Project_5.srcs/sources_1/new/Modules.v:124]
ERROR: [VRFC 10-2989] 'mm2reg' is not declared [C:/Users/ksp5368/Documents/CMPEN331/Project_5/Project_5.srcs/sources_1/new/Modules.v:126]
ERROR: [VRFC 10-8530] module 'ControlUnit' is ignored due to previous errors [C:/Users/ksp5368/Documents/CMPEN331/Project_5/Project_5.srcs/sources_1/new/Modules.v:71]
INFO: [VRFC 10-311] analyzing module RegrtMux
ERROR: [VRFC 10-8530] module 'RegrtMux' is ignored due to previous errors [C:/Users/ksp5368/Documents/CMPEN331/Project_5/Project_5.srcs/sources_1/new/Modules.v:135]
INFO: [VRFC 10-311] analyzing module RegFile
ERROR: [VRFC 10-8530] module 'RegFile' is ignored due to previous errors [C:/Users/ksp5368/Documents/CMPEN331/Project_5/Project_5.srcs/sources_1/new/Modules.v:150]
INFO: [VRFC 10-311] analyzing module ImmExtender
ERROR: [VRFC 10-8530] module 'ImmExtender' is ignored due to previous errors [C:/Users/ksp5368/Documents/CMPEN331/Project_5/Project_5.srcs/sources_1/new/Modules.v:177]
INFO: [VRFC 10-311] analyzing module IDEXEPipelineReg
ERROR: [VRFC 10-8530] module 'IDEXEPipelineReg' is ignored due to previous errors [C:/Users/ksp5368/Documents/CMPEN331/Project_5/Project_5.srcs/sources_1/new/Modules.v:185]
INFO: [VRFC 10-311] analyzing module ALUMux
ERROR: [VRFC 10-8530] module 'ALUMux' is ignored due to previous errors [C:/Users/ksp5368/Documents/CMPEN331/Project_5/Project_5.srcs/sources_1/new/Modules.v:210]
INFO: [VRFC 10-311] analyzing module ALU
ERROR: [VRFC 10-8530] module 'ALU' is ignored due to previous errors [C:/Users/ksp5368/Documents/CMPEN331/Project_5/Project_5.srcs/sources_1/new/Modules.v:224]
INFO: [VRFC 10-311] analyzing module EXEMEMPipelineReg
ERROR: [VRFC 10-8530] module 'EXEMEMPipelineReg' is ignored due to previous errors [C:/Users/ksp5368/Documents/CMPEN331/Project_5/Project_5.srcs/sources_1/new/Modules.v:241]
INFO: [VRFC 10-311] analyzing module DataMemory
ERROR: [VRFC 10-8530] module 'DataMemory' is ignored due to previous errors [C:/Users/ksp5368/Documents/CMPEN331/Project_5/Project_5.srcs/sources_1/new/Modules.v:261]
INFO: [VRFC 10-311] analyzing module MEMWBPipelineReg
ERROR: [VRFC 10-8530] module 'MEMWBPipelineReg' is ignored due to previous errors [C:/Users/ksp5368/Documents/CMPEN331/Project_5/Project_5.srcs/sources_1/new/Modules.v:296]
INFO: [VRFC 10-311] analyzing module WbMux
ERROR: [VRFC 10-8530] module 'WbMux' is ignored due to previous errors [C:/Users/ksp5368/Documents/CMPEN331/Project_5/Project_5.srcs/sources_1/new/Modules.v:315]
INFO: [VRFC 10-311] analyzing module FwMux
ERROR: [VRFC 10-4982] syntax error near 'always' [C:/Users/ksp5368/Documents/CMPEN331/Project_5/Project_5.srcs/sources_1/new/Modules.v:335]
ERROR: [VRFC 10-8549] Verilog 2000 keyword 'always' used in incorrect context [C:/Users/ksp5368/Documents/CMPEN331/Project_5/Project_5.srcs/sources_1/new/Modules.v:335]
INFO: [USF-XSim-69] 'compile' step finished in '3' seconds
INFO: [USF-XSim-99] Step results log file:'C:/Users/ksp5368/Documents/CMPEN331/Project_5/Project_5.sim/sim_1/behav/xsim/xvlog.log'
ERROR: [USF-XSim-62] 'compile' step failed with error(s). Please check the Tcl console output or 'C:/Users/ksp5368/Documents/CMPEN331/Project_5/Project_5.sim/sim_1/behav/xsim/xvlog.log' file for more information.
ERROR: [Vivado 12-4473] Detected error while running simulation. Please correct the issue and retry this operation.
launch_simulation: Time (s): cpu = 00:00:00 ; elapsed = 00:00:09 . Memory (MB): peak = 1235.918 ; gain = 0.000
ERROR: [Common 17-39] 'launch_simulation' failed due to earlier errors.
update_compile_order -fileset sources_1
reset_run synth_1
INFO: [Project 1-1160] Copying file C:/Users/ksp5368/Documents/CMPEN331/Project_5/Project_5.runs/synth_1/DataPath.dcp to C:/Users/ksp5368/Documents/CMPEN331/Project_5/Project_5.srcs/utils_1/imports/synth_1 and adding it to utils fileset
launch_runs impl_1
[Thu Dec 15 18:40:00 2022] Launched synth_1...
Run output will be captured here: C:/Users/ksp5368/Documents/CMPEN331/Project_5/Project_5.runs/synth_1/runme.log
[Thu Dec 15 18:40:00 2022] Launched impl_1...
Run output will be captured here: C:/Users/ksp5368/Documents/CMPEN331/Project_5/Project_5.runs/impl_1/runme.log
