#-----------------------------------------------------------
# Vivado v2022.1 (64-bit)
# SW Build 3526262 on Mon Apr 18 15:48:16 MDT 2022
# IP Build 3524634 on Mon Apr 18 20:55:01 MDT 2022
# Start of session at: Tue Dec  6 15:44:32 2022
# Process ID: 12092
# Current directory: C:/Users/ksp5368/Documents/CMPEN331/Project_5
# Command line: vivado.exe -gui_launcher_event rodinguilauncherevent9752 C:\Users\ksp5368\Documents\CMPEN331\Project_5\Project_5.xpr
# Log file: C:/Users/ksp5368/Documents/CMPEN331/Project_5/vivado.log
# Journal file: C:/Users/ksp5368/Documents/CMPEN331/Project_5\vivado.jou
# Running On: E5-CSE-136-26, OS: Windows, CPU Frequency: 2904 MHz, CPU Physical cores: 8, Host memory: 16888 MB
#-----------------------------------------------------------
start_gui
open_project C:/Users/ksp5368/Documents/CMPEN331/Project_5/Project_5.xpr
WARNING: [Board 49-26] cannot add Board Part xilinx.com:kcu116:part0:1.4 available at C:/Xilinx/Vivado/2022.1/data/xhub/boards/XilinxBoardStore/boards/Xilinx/kcu116/1.4/board.xml as part xcku5p-ffvb676-2-e specified in board_part file is either invalid or not available
WARNING: [Board 49-26] cannot add Board Part xilinx.com:kcu116:part0:1.5 available at C:/Xilinx/Vivado/2022.1/data/xhub/boards/XilinxBoardStore/boards/Xilinx/kcu116/1.5/board.xml as part xcku5p-ffvb676-2-e specified in board_part file is either invalid or not available
WARNING: [Board 49-26] cannot add Board Part xilinx.com:vcu128:part0:1.0 available at C:/Xilinx/Vivado/2022.1/data/xhub/boards/XilinxBoardStore/boards/Xilinx/vcu128/production/1.0/board.xml as part xcvu37p-fsvh2892-2l-e specified in board_part file is either invalid or not available
WARNING: [Board 49-26] cannot add Board Part xilinx.com:vcu129:part0:1.0 available at C:/Xilinx/Vivado/2022.1/data/xhub/boards/XilinxBoardStore/boards/Xilinx/vcu129/production/1.0/board.xml as part xcvu29p-fsga2577-2l-e specified in board_part file is either invalid or not available
WARNING: [Board 49-26] cannot add Board Part xilinx.com:vmk180:part0:2.2 available at C:/Xilinx/Vivado/2022.1/data/xhub/boards/XilinxBoardStore/boards/Xilinx/vmk180/production/2.2/board.xml as part xcvm1802-vsva2197-2mp-e-s specified in board_part file is either invalid or not available
WARNING: [Board 49-26] cannot add Board Part xilinx.com:vmk180:part0:3.0 available at C:/Xilinx/Vivado/2022.1/data/xhub/boards/XilinxBoardStore/boards/Xilinx/vmk180/production/3.0/board.xml as part xcvm1802-vsva2197-2mp-e-s specified in board_part file is either invalid or not available
WARNING: [Board 49-26] cannot add Board Part xilinx.com:vmk180_newl:part0:1.0 available at C:/Xilinx/Vivado/2022.1/data/xhub/boards/XilinxBoardStore/boards/Xilinx/vmk180_newl/production/1.0/board.xml as part xcvm1802-vsva2197-2mp-e-s specified in board_part file is either invalid or not available
WARNING: [Board 49-26] cannot add Board Part xilinx.com:vpk120_es:part0:1.2 available at C:/Xilinx/Vivado/2022.1/data/xhub/boards/XilinxBoardStore/boards/Xilinx/vpk120/es/1.2/board.xml as part xcvp1202-vsva2785-2mp-e-s-es1 specified in board_part file is either invalid or not available
WARNING: [Board 49-26] cannot add Board Part xilinx.com:vpk120_es_revb:part0:1.0 available at C:/Xilinx/Vivado/2022.1/data/xhub/boards/XilinxBoardStore/boards/Xilinx/vpk120_revb/es/1.0/board.xml as part xcvp1202-vsva2785-2mp-e-s-es1 specified in board_part file is either invalid or not available
WARNING: [Board 49-26] cannot add Board Part xilinx.com:zcu208ld:part0:2.0 available at C:/Xilinx/Vivado/2022.1/data/xhub/boards/XilinxBoardStore/boards/Xilinx/zcu208ld/production/2.0/board.xml as part xczu58dr-fsvg1517-2-i specified in board_part file is either invalid or not available
WARNING: [Board 49-26] cannot add Board Part xilinx.com:zcu216ld:part0:2.0 available at C:/Xilinx/Vivado/2022.1/data/xhub/boards/XilinxBoardStore/boards/Xilinx/zcu216ld/production/2.0/board.xml as part xczu59dr-ffvf1760-2-i specified in board_part file is either invalid or not available
WARNING: [Board 49-26] cannot add Board Part xilinx.com:zcu670:part0:2.0 available at C:/Xilinx/Vivado/2022.1/data/xhub/boards/XilinxBoardStore/boards/Xilinx/zcu670/2.0/board.xml as part xczu67dr-fsve1156-2-i specified in board_part file is either invalid or not available
WARNING: [Board 49-26] cannot add Board Part xilinx.com:zcu670ld:part0:1.0 available at C:/Xilinx/Vivado/2022.1/data/xhub/boards/XilinxBoardStore/boards/Xilinx/zcu670ld/1.0/board.xml as part xczu57dr-fsve1156-2-i specified in board_part file is either invalid or not available
INFO: [filemgmt 56-3] Default IP Output Path : Could not find the directory 'C:/Users/ksp5368/Documents/CMPEN331/Project_5/Project_5.gen/sources_1'.
Scanning sources...
Finished scanning sources
INFO: [IP_Flow 19-234] Refreshing IP repositories
INFO: [IP_Flow 19-1704] No user IP repositories specified
INFO: [IP_Flow 19-2313] Loaded Vivado IP repository 'C:/Xilinx/Vivado/2022.1/data/ip'.
open_project: Time (s): cpu = 00:00:17 ; elapsed = 00:00:07 . Memory (MB): peak = 1235.895 ; gain = 0.000
update_compile_order -fileset sources_1
launch_simulation
Command: launch_simulation 
INFO: [Vivado 12-12493] Simulation top is 'testbench'
WARNING: [Vivado 12-13340] Unable to auto find GCC executables from simulator install path! (path not set)
WARNING: [Vivado 12-13277] Compiled library path does not exist: ''
INFO: [Vivado 12-5682] Launching behavioral simulation in 'C:/Users/ksp5368/Documents/CMPEN331/Project_5/Project_5.sim/sim_1/behav/xsim'
INFO: [SIM-utils-51] Simulation object is 'sim_1'
INFO: [SIM-utils-72] Using boost library from 'C:/Xilinx/Vivado/2022.1/tps/boost_1_72_0'
INFO: [SIM-utils-54] Inspecting design source files for 'testbench' in fileset 'sim_1'...
INFO: [USF-XSim-97] Finding global include files...
INFO: [USF-XSim-98] Fetching design files from 'sim_1'...
INFO: [USF-XSim-2] XSim::Compile design
INFO: [USF-XSim-61] Executing 'COMPILE and ANALYZE' step in 'C:/Users/ksp5368/Documents/CMPEN331/Project_5/Project_5.sim/sim_1/behav/xsim'
"xvlog --incr --relax -prj testbench_vlog.prj"
INFO: [USF-XSim-69] 'compile' step finished in '1' seconds
INFO: [USF-XSim-3] XSim::Elaborate design
INFO: [USF-XSim-61] Executing 'ELABORATE' step in 'C:/Users/ksp5368/Documents/CMPEN331/Project_5/Project_5.sim/sim_1/behav/xsim'
"xelab --incr --debug typical --relax --mt 2 -L xil_defaultlib -L unisims_ver -L unimacro_ver -L secureip --snapshot testbench_behav xil_defaultlib.testbench xil_defaultlib.glbl -log elaborate.log"
Vivado Simulator v2022.1
Copyright 1986-1999, 2001-2022 Xilinx, Inc. All Rights Reserved.
Running: C:/Xilinx/Vivado/2022.1/bin/unwrapped/win64.o/xelab.exe --incr --debug typical --relax --mt 2 -L xil_defaultlib -L unisims_ver -L unimacro_ver -L secureip --snapshot testbench_behav xil_defaultlib.testbench xil_defaultlib.glbl -log elaborate.log 
Using 2 slave threads.
Starting static elaboration
Pass Through NonSizing Optimizer
WARNING: [VRFC 10-3091] actual bit length 5 differs from formal bit length 6 for port 'wdestReg' [C:/Users/ksp5368/Documents/CMPEN331/Project_5/Project_5.srcs/sources_1/new/Design.v:64]
Completed static elaboration
INFO: [XSIM 43-4323] No Change in HDL. Linking previously generated obj files to create kernel
INFO: [USF-XSim-69] 'elaborate' step finished in '2' seconds
INFO: [USF-XSim-4] XSim::Simulate design
INFO: [USF-XSim-61] Executing 'SIMULATE' step in 'C:/Users/ksp5368/Documents/CMPEN331/Project_5/Project_5.sim/sim_1/behav/xsim'
INFO: [USF-XSim-98] *** Running xsim
   with args "testbench_behav -key {Behavioral:sim_1:Functional:testbench} -tclbatch {testbench.tcl} -log {simulate.log}"
INFO: [USF-XSim-8] Loading simulator feature
Time resolution is 1 ps
source testbench.tcl
# set curr_wave [current_wave_config]
# if { [string length $curr_wave] == 0 } {
#   if { [llength [get_objects]] > 0} {
#     add_wave /
#     set_property needs_save false [current_wave_config]
#   } else {
#      send_msg_id Add_Wave-1 WARNING "No top level signals found. Simulator will start without a wave window. If you want to open a wave window go to 'File->New Waveform Configuration' or type 'create_wave_config' in the TCL console."
#   }
# }
# run 1000ns
INFO: [USF-XSim-96] XSim completed. Design snapshot 'testbench_behav' loaded.
INFO: [USF-XSim-97] XSim simulation ran for 1000ns
launch_simulation: Time (s): cpu = 00:00:07 ; elapsed = 00:00:07 . Memory (MB): peak = 1247.625 ; gain = 11.730
close_sim
INFO: [Simtcl 6-16] Simulation closed
launch_simulation
Command: launch_simulation 
INFO: [Vivado 12-12493] Simulation top is 'testbench'
WARNING: [Vivado 12-13340] Unable to auto find GCC executables from simulator install path! (path not set)
WARNING: [Vivado 12-13277] Compiled library path does not exist: ''
INFO: [Vivado 12-5682] Launching behavioral simulation in 'C:/Users/ksp5368/Documents/CMPEN331/Project_5/Project_5.sim/sim_1/behav/xsim'
INFO: [SIM-utils-51] Simulation object is 'sim_1'
INFO: [SIM-utils-72] Using boost library from 'C:/Xilinx/Vivado/2022.1/tps/boost_1_72_0'
INFO: [SIM-utils-54] Inspecting design source files for 'testbench' in fileset 'sim_1'...
INFO: [USF-XSim-97] Finding global include files...
INFO: [USF-XSim-98] Fetching design files from 'sim_1'...
INFO: [USF-XSim-2] XSim::Compile design
INFO: [USF-XSim-61] Executing 'COMPILE and ANALYZE' step in 'C:/Users/ksp5368/Documents/CMPEN331/Project_5/Project_5.sim/sim_1/behav/xsim'
"xvlog --incr --relax -prj testbench_vlog.prj"
INFO: [VRFC 10-2263] Analyzing Verilog file "C:/Users/ksp5368/Documents/CMPEN331/Project_5/Project_5.srcs/sources_1/new/Design.v" into library xil_defaultlib
INFO: [VRFC 10-311] analyzing module DataPath
INFO: [VRFC 10-2263] Analyzing Verilog file "C:/Users/ksp5368/Documents/CMPEN331/Project_5/Project_5.srcs/sources_1/new/Modules.v" into library xil_defaultlib
INFO: [VRFC 10-311] analyzing module PC
INFO: [VRFC 10-311] analyzing module InstructionMemory
INFO: [VRFC 10-311] analyzing module PCAdder
INFO: [VRFC 10-311] analyzing module IFIDPipelineReg
INFO: [VRFC 10-311] analyzing module ControlUnit
INFO: [VRFC 10-311] analyzing module RegrtMux
INFO: [VRFC 10-311] analyzing module RegFile
INFO: [VRFC 10-311] analyzing module ImmExtender
INFO: [VRFC 10-311] analyzing module IDEXEPipelineReg
INFO: [VRFC 10-311] analyzing module ALUMux
INFO: [VRFC 10-311] analyzing module ALU
INFO: [VRFC 10-311] analyzing module EXEMEMPipelineReg
INFO: [VRFC 10-311] analyzing module DataMemory
INFO: [VRFC 10-311] analyzing module MEMWBPipelineReg
INFO: [VRFC 10-311] analyzing module WbMux
INFO: [VRFC 10-2263] Analyzing Verilog file "C:/Users/ksp5368/Documents/CMPEN331/Project_5/Project_5.srcs/sim_1/new/testbench.v" into library xil_defaultlib
INFO: [VRFC 10-311] analyzing module testbench
INFO: [USF-XSim-69] 'compile' step finished in '1' seconds
INFO: [USF-XSim-3] XSim::Elaborate design
INFO: [USF-XSim-61] Executing 'ELABORATE' step in 'C:/Users/ksp5368/Documents/CMPEN331/Project_5/Project_5.sim/sim_1/behav/xsim'
"xelab --incr --debug typical --relax --mt 2 -L xil_defaultlib -L unisims_ver -L unimacro_ver -L secureip --snapshot testbench_behav xil_defaultlib.testbench xil_defaultlib.glbl -log elaborate.log"
Vivado Simulator v2022.1
Copyright 1986-1999, 2001-2022 Xilinx, Inc. All Rights Reserved.
Running: C:/Xilinx/Vivado/2022.1/bin/unwrapped/win64.o/xelab.exe --incr --debug typical --relax --mt 2 -L xil_defaultlib -L unisims_ver -L unimacro_ver -L secureip --snapshot testbench_behav xil_defaultlib.testbench xil_defaultlib.glbl -log elaborate.log 
Using 2 slave threads.
Starting static elaboration
Pass Through NonSizing Optimizer
WARNING: [VRFC 10-3091] actual bit length 5 differs from formal bit length 6 for port 'wdestReg' [C:/Users/ksp5368/Documents/CMPEN331/Project_5/Project_5.srcs/sources_1/new/Design.v:64]
Completed static elaboration
Starting simulation data flow analysis
Completed simulation data flow analysis
Time Resolution for simulation is 1ps
Compiling module xil_defaultlib.PC
Compiling module xil_defaultlib.PCAdder
Compiling module xil_defaultlib.InstructionMemory
Compiling module xil_defaultlib.IFIDPipelineReg
Compiling module xil_defaultlib.ControlUnit
Compiling module xil_defaultlib.RegrtMux
Compiling module xil_defaultlib.RegFile
Compiling module xil_defaultlib.ImmExtender
Compiling module xil_defaultlib.IDEXEPipelineReg
Compiling module xil_defaultlib.ALUMux
Compiling module xil_defaultlib.ALU
Compiling module xil_defaultlib.EXEMEMPipelineReg
Compiling module xil_defaultlib.DataMemory
Compiling module xil_defaultlib.MEMWBPipelineReg
Compiling module xil_defaultlib.WbMux
Compiling module xil_defaultlib.DataPath
Compiling module xil_defaultlib.testbench
Compiling module xil_defaultlib.glbl
Built simulation snapshot testbench_behav
INFO: [USF-XSim-69] 'elaborate' step finished in '2' seconds
INFO: [USF-XSim-4] XSim::Simulate design
INFO: [USF-XSim-61] Executing 'SIMULATE' step in 'C:/Users/ksp5368/Documents/CMPEN331/Project_5/Project_5.sim/sim_1/behav/xsim'
INFO: [USF-XSim-98] *** Running xsim
   with args "testbench_behav -key {Behavioral:sim_1:Functional:testbench} -tclbatch {testbench.tcl} -log {simulate.log}"
INFO: [USF-XSim-8] Loading simulator feature
Time resolution is 1 ps
source testbench.tcl
# set curr_wave [current_wave_config]
# if { [string length $curr_wave] == 0 } {
#   if { [llength [get_objects]] > 0} {
#     add_wave /
#     set_property needs_save false [current_wave_config]
#   } else {
#      send_msg_id Add_Wave-1 WARNING "No top level signals found. Simulator will start without a wave window. If you want to open a wave window go to 'File->New Waveform Configuration' or type 'create_wave_config' in the TCL console."
#   }
# }
# run 1000ns
INFO: [USF-XSim-96] XSim completed. Design snapshot 'testbench_behav' loaded.
INFO: [USF-XSim-97] XSim simulation ran for 1000ns
launch_simulation: Time (s): cpu = 00:00:03 ; elapsed = 00:00:05 . Memory (MB): peak = 1258.617 ; gain = 0.000
add_bp {C:/Users/ksp5368/Documents/CMPEN331/Project_5/Project_5.srcs/sources_1/new/Modules.v} 146
remove_bps -file {C:/Users/ksp5368/Documents/CMPEN331/Project_5/Project_5.srcs/sources_1/new/Modules.v} -line 146
add_bp {C:/Users/ksp5368/Documents/CMPEN331/Project_5/Project_5.srcs/sources_1/new/Modules.v} 148
run all
Stopped at time : 1010 ns : File "C:/Users/ksp5368/Documents/CMPEN331/Project_5/Project_5.srcs/sources_1/new/Modules.v" Line 148
run all
Stopped at time : 1020 ns : File "C:/Users/ksp5368/Documents/CMPEN331/Project_5/Project_5.srcs/sources_1/new/Modules.v" Line 148
run all
Stopped at time : 1030 ns : File "C:/Users/ksp5368/Documents/CMPEN331/Project_5/Project_5.srcs/sources_1/new/Modules.v" Line 148
run all
Stopped at time : 1040 ns : File "C:/Users/ksp5368/Documents/CMPEN331/Project_5/Project_5.srcs/sources_1/new/Modules.v" Line 148
run all
Stopped at time : 1050 ns : File "C:/Users/ksp5368/Documents/CMPEN331/Project_5/Project_5.srcs/sources_1/new/Modules.v" Line 148
run all
Stopped at time : 1060 ns : File "C:/Users/ksp5368/Documents/CMPEN331/Project_5/Project_5.srcs/sources_1/new/Modules.v" Line 148
run all
Stopped at time : 1070 ns : File "C:/Users/ksp5368/Documents/CMPEN331/Project_5/Project_5.srcs/sources_1/new/Modules.v" Line 148
run all
Stopped at time : 1080 ns : File "C:/Users/ksp5368/Documents/CMPEN331/Project_5/Project_5.srcs/sources_1/new/Modules.v" Line 148
run all
Stopped at time : 1090 ns : File "C:/Users/ksp5368/Documents/CMPEN331/Project_5/Project_5.srcs/sources_1/new/Modules.v" Line 148
run all
Stopped at time : 1100 ns : File "C:/Users/ksp5368/Documents/CMPEN331/Project_5/Project_5.srcs/sources_1/new/Modules.v" Line 148
run all
Stopped at time : 1110 ns : File "C:/Users/ksp5368/Documents/CMPEN331/Project_5/Project_5.srcs/sources_1/new/Modules.v" Line 148
run 5 ns
run 5 ns
Stopped at time : 1120 ns : File "C:/Users/ksp5368/Documents/CMPEN331/Project_5/Project_5.srcs/sources_1/new/Modules.v" Line 148
run 5 ns
run 5 ns
Stopped at time : 1130 ns : File "C:/Users/ksp5368/Documents/CMPEN331/Project_5/Project_5.srcs/sources_1/new/Modules.v" Line 148
run 5 ns
run 5 ns
Stopped at time : 1140 ns : File "C:/Users/ksp5368/Documents/CMPEN331/Project_5/Project_5.srcs/sources_1/new/Modules.v" Line 148
run 5 ns
run 5 ns
Stopped at time : 1150 ns : File "C:/Users/ksp5368/Documents/CMPEN331/Project_5/Project_5.srcs/sources_1/new/Modules.v" Line 148
run 5 ns
run 5 ns
Stopped at time : 1160 ns : File "C:/Users/ksp5368/Documents/CMPEN331/Project_5/Project_5.srcs/sources_1/new/Modules.v" Line 148
run 5 ns
run 5 ns
Stopped at time : 1170 ns : File "C:/Users/ksp5368/Documents/CMPEN331/Project_5/Project_5.srcs/sources_1/new/Modules.v" Line 148
run 5 ns
run 5 ns
Stopped at time : 1180 ns : File "C:/Users/ksp5368/Documents/CMPEN331/Project_5/Project_5.srcs/sources_1/new/Modules.v" Line 148
run 5 ns
run 5 ns
Stopped at time : 1190 ns : File "C:/Users/ksp5368/Documents/CMPEN331/Project_5/Project_5.srcs/sources_1/new/Modules.v" Line 148
run 5 ns
run 5 ns
Stopped at time : 1200 ns : File "C:/Users/ksp5368/Documents/CMPEN331/Project_5/Project_5.srcs/sources_1/new/Modules.v" Line 148
run 5 ns
run 5 ns
Stopped at time : 1210 ns : File "C:/Users/ksp5368/Documents/CMPEN331/Project_5/Project_5.srcs/sources_1/new/Modules.v" Line 148
restart
INFO: [Simtcl 6-17] Simulation restarted
run all
Stopped at time : 0 fs : File "C:/Users/ksp5368/Documents/CMPEN331/Project_5/Project_5.srcs/sources_1/new/Modules.v" Line 148
remove_bps -file {C:/Users/ksp5368/Documents/CMPEN331/Project_5/Project_5.srcs/sources_1/new/Modules.v} -line 148
run 5 ns
run 5 ns
run 5 ns
run 5 ns
run 5 ns
run 5 ns
run 5 ns
run 5 ns
run 5 ns
run 5 ns
run 5 ns
run 5 ns
run 5 ns
run 5 ns
run 5 ns
run 5 ns
run 5 ns
run all
run: Time (s): cpu = 00:00:07 ; elapsed = 00:00:07 . Memory (MB): peak = 1275.551 ; gain = 0.000
launch_runs synth_1
WARNING: [Vivado 12-7122] Auto Incremental Compile:: No reference checkpoint was found in run synth_1. Auto-incremental flow will not be run, the standard flow will be run instead.
[Tue Dec  6 15:59:08 2022] Launched synth_1...
Run output will be captured here: C:/Users/ksp5368/Documents/CMPEN331/Project_5/Project_5.runs/synth_1/runme.log
