
*** Running vivado
    with args -log DataPath.vds -m64 -product Vivado -mode batch -messageDb vivado.pb -notrace -source DataPath.tcl



****** Vivado v2022.1 (64-bit)
  **** SW Build 3526262 on Mon Apr 18 15:48:16 MDT 2022
  **** IP Build 3524634 on Mon Apr 18 20:55:01 MDT 2022
    ** Copyright 1986-2022 Xilinx, Inc. All Rights Reserved.

source DataPath.tcl -notrace
Command: synth_design -top DataPath -part xc7z010clg400-1
Starting synth_design
Attempting to get a license for feature 'Synthesis' and/or device 'xc7z010'
INFO: [Common 17-349] Got license for feature 'Synthesis' and/or device 'xc7z010'
INFO: [Synth 8-7079] Multithreading enabled for synth_design using a maximum of 2 processes.
INFO: [Synth 8-7078] Launching helper process for spawning children vivado processes
INFO: [Synth 8-7075] Helper process launched with PID 11488
---------------------------------------------------------------------------------
Starting Synthesize : Time (s): cpu = 00:00:04 ; elapsed = 00:00:05 . Memory (MB): peak = 1377.500 ; gain = 0.000
---------------------------------------------------------------------------------
INFO: [Synth 8-6157] synthesizing module 'DataPath' [C:/Users/ksp5368/Documents/CMPEN331/Project_4/Project_4.srcs/sources_1/new/Design.v:23]
INFO: [Synth 8-6157] synthesizing module 'PC' [C:/Users/ksp5368/Documents/CMPEN331/Project_4/Project_4.srcs/sources_1/new/Modules.v:23]
INFO: [Synth 8-6155] done synthesizing module 'PC' (0#1) [C:/Users/ksp5368/Documents/CMPEN331/Project_4/Project_4.srcs/sources_1/new/Modules.v:23]
INFO: [Synth 8-6157] synthesizing module 'PCAdder' [C:/Users/ksp5368/Documents/CMPEN331/Project_4/Project_4.srcs/sources_1/new/Modules.v:53]
INFO: [Synth 8-6155] done synthesizing module 'PCAdder' (0#1) [C:/Users/ksp5368/Documents/CMPEN331/Project_4/Project_4.srcs/sources_1/new/Modules.v:53]
INFO: [Synth 8-6157] synthesizing module 'InstructionMemory' [C:/Users/ksp5368/Documents/CMPEN331/Project_4/Project_4.srcs/sources_1/new/Modules.v:36]
INFO: [Synth 8-6155] done synthesizing module 'InstructionMemory' (0#1) [C:/Users/ksp5368/Documents/CMPEN331/Project_4/Project_4.srcs/sources_1/new/Modules.v:36]
INFO: [Synth 8-6157] synthesizing module 'IFIDPipelineReg' [C:/Users/ksp5368/Documents/CMPEN331/Project_4/Project_4.srcs/sources_1/new/Modules.v:61]
INFO: [Synth 8-6155] done synthesizing module 'IFIDPipelineReg' (0#1) [C:/Users/ksp5368/Documents/CMPEN331/Project_4/Project_4.srcs/sources_1/new/Modules.v:61]
INFO: [Synth 8-6157] synthesizing module 'ControlUnit' [C:/Users/ksp5368/Documents/CMPEN331/Project_4/Project_4.srcs/sources_1/new/Modules.v:70]
INFO: [Synth 8-155] case statement is not full and has no default [C:/Users/ksp5368/Documents/CMPEN331/Project_4/Project_4.srcs/sources_1/new/Modules.v:85]
INFO: [Synth 8-155] case statement is not full and has no default [C:/Users/ksp5368/Documents/CMPEN331/Project_4/Project_4.srcs/sources_1/new/Modules.v:77]
INFO: [Synth 8-6155] done synthesizing module 'ControlUnit' (0#1) [C:/Users/ksp5368/Documents/CMPEN331/Project_4/Project_4.srcs/sources_1/new/Modules.v:70]
INFO: [Synth 8-6157] synthesizing module 'RegrtMux' [C:/Users/ksp5368/Documents/CMPEN331/Project_4/Project_4.srcs/sources_1/new/Modules.v:109]
INFO: [Synth 8-6155] done synthesizing module 'RegrtMux' (0#1) [C:/Users/ksp5368/Documents/CMPEN331/Project_4/Project_4.srcs/sources_1/new/Modules.v:109]
INFO: [Synth 8-6157] synthesizing module 'RegFile' [C:/Users/ksp5368/Documents/CMPEN331/Project_4/Project_4.srcs/sources_1/new/Modules.v:124]
INFO: [Synth 8-6155] done synthesizing module 'RegFile' (0#1) [C:/Users/ksp5368/Documents/CMPEN331/Project_4/Project_4.srcs/sources_1/new/Modules.v:124]
INFO: [Synth 8-6157] synthesizing module 'ImmExtender' [C:/Users/ksp5368/Documents/CMPEN331/Project_4/Project_4.srcs/sources_1/new/Modules.v:141]
INFO: [Synth 8-6155] done synthesizing module 'ImmExtender' (0#1) [C:/Users/ksp5368/Documents/CMPEN331/Project_4/Project_4.srcs/sources_1/new/Modules.v:141]
INFO: [Synth 8-6157] synthesizing module 'IDEXEPipelineReg' [C:/Users/ksp5368/Documents/CMPEN331/Project_4/Project_4.srcs/sources_1/new/Modules.v:149]
INFO: [Synth 8-6155] done synthesizing module 'IDEXEPipelineReg' (0#1) [C:/Users/ksp5368/Documents/CMPEN331/Project_4/Project_4.srcs/sources_1/new/Modules.v:149]
INFO: [Synth 8-6157] synthesizing module 'ALUMux' [C:/Users/ksp5368/Documents/CMPEN331/Project_4/Project_4.srcs/sources_1/new/Modules.v:174]
INFO: [Synth 8-6155] done synthesizing module 'ALUMux' (0#1) [C:/Users/ksp5368/Documents/CMPEN331/Project_4/Project_4.srcs/sources_1/new/Modules.v:174]
INFO: [Synth 8-6157] synthesizing module 'ALU' [C:/Users/ksp5368/Documents/CMPEN331/Project_4/Project_4.srcs/sources_1/new/Modules.v:188]
INFO: [Synth 8-155] case statement is not full and has no default [C:/Users/ksp5368/Documents/CMPEN331/Project_4/Project_4.srcs/sources_1/new/Modules.v:196]
INFO: [Synth 8-6155] done synthesizing module 'ALU' (0#1) [C:/Users/ksp5368/Documents/CMPEN331/Project_4/Project_4.srcs/sources_1/new/Modules.v:188]
INFO: [Synth 8-6157] synthesizing module 'EXEMEMPipelineReg' [C:/Users/ksp5368/Documents/CMPEN331/Project_4/Project_4.srcs/sources_1/new/Modules.v:205]
INFO: [Synth 8-6155] done synthesizing module 'EXEMEMPipelineReg' (0#1) [C:/Users/ksp5368/Documents/CMPEN331/Project_4/Project_4.srcs/sources_1/new/Modules.v:205]
INFO: [Synth 8-6157] synthesizing module 'DataMemory' [C:/Users/ksp5368/Documents/CMPEN331/Project_4/Project_4.srcs/sources_1/new/Modules.v:225]
INFO: [Synth 8-6155] done synthesizing module 'DataMemory' (0#1) [C:/Users/ksp5368/Documents/CMPEN331/Project_4/Project_4.srcs/sources_1/new/Modules.v:225]
INFO: [Synth 8-6157] synthesizing module 'MEMWBPipelineReg' [C:/Users/ksp5368/Documents/CMPEN331/Project_4/Project_4.srcs/sources_1/new/Modules.v:260]
INFO: [Synth 8-6155] done synthesizing module 'MEMWBPipelineReg' (0#1) [C:/Users/ksp5368/Documents/CMPEN331/Project_4/Project_4.srcs/sources_1/new/Modules.v:260]
INFO: [Synth 8-6155] done synthesizing module 'DataPath' (0#1) [C:/Users/ksp5368/Documents/CMPEN331/Project_4/Project_4.srcs/sources_1/new/Design.v:23]
WARNING: [Synth 8-7129] Port mr[31] in module DataMemory is either unconnected or has no load
WARNING: [Synth 8-7129] Port mr[30] in module DataMemory is either unconnected or has no load
WARNING: [Synth 8-7129] Port mr[29] in module DataMemory is either unconnected or has no load
WARNING: [Synth 8-7129] Port mr[28] in module DataMemory is either unconnected or has no load
WARNING: [Synth 8-7129] Port mr[27] in module DataMemory is either unconnected or has no load
WARNING: [Synth 8-7129] Port mr[26] in module DataMemory is either unconnected or has no load
WARNING: [Synth 8-7129] Port mr[25] in module DataMemory is either unconnected or has no load
WARNING: [Synth 8-7129] Port mr[24] in module DataMemory is either unconnected or has no load
WARNING: [Synth 8-7129] Port mr[23] in module DataMemory is either unconnected or has no load
WARNING: [Synth 8-7129] Port mr[22] in module DataMemory is either unconnected or has no load
WARNING: [Synth 8-7129] Port mr[21] in module DataMemory is either unconnected or has no load
WARNING: [Synth 8-7129] Port mr[20] in module DataMemory is either unconnected or has no load
WARNING: [Synth 8-7129] Port mr[19] in module DataMemory is either unconnected or has no load
WARNING: [Synth 8-7129] Port mr[18] in module DataMemory is either unconnected or has no load
WARNING: [Synth 8-7129] Port mr[17] in module DataMemory is either unconnected or has no load
WARNING: [Synth 8-7129] Port mr[16] in module DataMemory is either unconnected or has no load
WARNING: [Synth 8-7129] Port mr[15] in module DataMemory is either unconnected or has no load
WARNING: [Synth 8-7129] Port mr[14] in module DataMemory is either unconnected or has no load
WARNING: [Synth 8-7129] Port mr[13] in module DataMemory is either unconnected or has no load
WARNING: [Synth 8-7129] Port mr[12] in module DataMemory is either unconnected or has no load
WARNING: [Synth 8-7129] Port mr[11] in module DataMemory is either unconnected or has no load
WARNING: [Synth 8-7129] Port mr[10] in module DataMemory is either unconnected or has no load
WARNING: [Synth 8-7129] Port mr[9] in module DataMemory is either unconnected or has no load
WARNING: [Synth 8-7129] Port mr[8] in module DataMemory is either unconnected or has no load
WARNING: [Synth 8-7129] Port mr[7] in module DataMemory is either unconnected or has no load
WARNING: [Synth 8-7129] Port mr[1] in module DataMemory is either unconnected or has no load
WARNING: [Synth 8-7129] Port mr[0] in module DataMemory is either unconnected or has no load
WARNING: [Synth 8-7129] Port pc[31] in module InstructionMemory is either unconnected or has no load
WARNING: [Synth 8-7129] Port pc[30] in module InstructionMemory is either unconnected or has no load
WARNING: [Synth 8-7129] Port pc[29] in module InstructionMemory is either unconnected or has no load
WARNING: [Synth 8-7129] Port pc[28] in module InstructionMemory is either unconnected or has no load
WARNING: [Synth 8-7129] Port pc[27] in module InstructionMemory is either unconnected or has no load
WARNING: [Synth 8-7129] Port pc[26] in module InstructionMemory is either unconnected or has no load
WARNING: [Synth 8-7129] Port pc[25] in module InstructionMemory is either unconnected or has no load
WARNING: [Synth 8-7129] Port pc[24] in module InstructionMemory is either unconnected or has no load
WARNING: [Synth 8-7129] Port pc[23] in module InstructionMemory is either unconnected or has no load
WARNING: [Synth 8-7129] Port pc[22] in module InstructionMemory is either unconnected or has no load
WARNING: [Synth 8-7129] Port pc[21] in module InstructionMemory is either unconnected or has no load
WARNING: [Synth 8-7129] Port pc[20] in module InstructionMemory is either unconnected or has no load
WARNING: [Synth 8-7129] Port pc[19] in module InstructionMemory is either unconnected or has no load
WARNING: [Synth 8-7129] Port pc[18] in module InstructionMemory is either unconnected or has no load
WARNING: [Synth 8-7129] Port pc[17] in module InstructionMemory is either unconnected or has no load
WARNING: [Synth 8-7129] Port pc[16] in module InstructionMemory is either unconnected or has no load
WARNING: [Synth 8-7129] Port pc[15] in module InstructionMemory is either unconnected or has no load
WARNING: [Synth 8-7129] Port pc[14] in module InstructionMemory is either unconnected or has no load
WARNING: [Synth 8-7129] Port pc[13] in module InstructionMemory is either unconnected or has no load
WARNING: [Synth 8-7129] Port pc[12] in module InstructionMemory is either unconnected or has no load
WARNING: [Synth 8-7129] Port pc[11] in module InstructionMemory is either unconnected or has no load
WARNING: [Synth 8-7129] Port pc[10] in module InstructionMemory is either unconnected or has no load
WARNING: [Synth 8-7129] Port pc[9] in module InstructionMemory is either unconnected or has no load
WARNING: [Synth 8-7129] Port pc[8] in module InstructionMemory is either unconnected or has no load
WARNING: [Synth 8-7129] Port pc[1] in module InstructionMemory is either unconnected or has no load
WARNING: [Synth 8-7129] Port pc[0] in module InstructionMemory is either unconnected or has no load
---------------------------------------------------------------------------------
Finished Synthesize : Time (s): cpu = 00:00:06 ; elapsed = 00:00:06 . Memory (MB): peak = 1377.500 ; gain = 0.000
---------------------------------------------------------------------------------
---------------------------------------------------------------------------------
Finished Constraint Validation : Time (s): cpu = 00:00:06 ; elapsed = 00:00:07 . Memory (MB): peak = 1377.500 ; gain = 0.000
---------------------------------------------------------------------------------
---------------------------------------------------------------------------------
Start Loading Part and Timing Information
---------------------------------------------------------------------------------
Loading part: xc7z010clg400-1
---------------------------------------------------------------------------------
Finished Loading Part and Timing Information : Time (s): cpu = 00:00:06 ; elapsed = 00:00:07 . Memory (MB): peak = 1377.500 ; gain = 0.000
---------------------------------------------------------------------------------
INFO: [Device 21-403] Loading part xc7z010clg400-1
WARNING: [Synth 8-327] inferring latch for variable 'wreg_reg' [C:/Users/ksp5368/Documents/CMPEN331/Project_4/Project_4.srcs/sources_1/new/Modules.v:80]
WARNING: [Synth 8-327] inferring latch for variable 'm2reg_reg' [C:/Users/ksp5368/Documents/CMPEN331/Project_4/Project_4.srcs/sources_1/new/Modules.v:81]
WARNING: [Synth 8-327] inferring latch for variable 'wmem_reg' [C:/Users/ksp5368/Documents/CMPEN331/Project_4/Project_4.srcs/sources_1/new/Modules.v:82]
WARNING: [Synth 8-327] inferring latch for variable 'aluc_reg' [C:/Users/ksp5368/Documents/CMPEN331/Project_4/Project_4.srcs/sources_1/new/Modules.v:88]
WARNING: [Synth 8-327] inferring latch for variable 'r_reg' [C:/Users/ksp5368/Documents/CMPEN331/Project_4/Project_4.srcs/sources_1/new/Modules.v:198]
---------------------------------------------------------------------------------
Finished RTL Optimization Phase 2 : Time (s): cpu = 00:00:07 ; elapsed = 00:00:07 . Memory (MB): peak = 1377.500 ; gain = 0.000
---------------------------------------------------------------------------------
No constraint files found.
---------------------------------------------------------------------------------
Start RTL Component Statistics 
---------------------------------------------------------------------------------
Detailed RTL Component Info : 
+---Adders : 
	   2 Input   32 Bit       Adders := 1     
	   3 Input   32 Bit       Adders := 1     
+---Registers : 
	               32 Bit    Registers := 9     
	                5 Bit    Registers := 3     
	                4 Bit    Registers := 1     
	                1 Bit    Registers := 9     
+---Muxes : 
	   5 Input   32 Bit        Muxes := 1     
	   3 Input   32 Bit        Muxes := 3     
	   2 Input   32 Bit        Muxes := 2     
	   2 Input    5 Bit        Muxes := 1     
	   3 Input    1 Bit        Muxes := 4     
	   2 Input    1 Bit        Muxes := 2     
---------------------------------------------------------------------------------
Finished RTL Component Statistics 
---------------------------------------------------------------------------------
---------------------------------------------------------------------------------
Start Part Resource Summary
---------------------------------------------------------------------------------
Part Resources:
DSPs: 80 (col length:40)
BRAMs: 120 (col length: RAMB18 40 RAMB36 20)
---------------------------------------------------------------------------------
Finished Part Resource Summary
---------------------------------------------------------------------------------
No constraint files found.
---------------------------------------------------------------------------------
Start Cross Boundary and Area Optimization
---------------------------------------------------------------------------------
WARNING: [Synth 8-7080] Parallel synthesis criteria is not met
WARNING: [Synth 8-3332] Sequential element (cu_dp/wreg_reg) is unused and will be removed from module DataPath.
WARNING: [Synth 8-3332] Sequential element (cu_dp/m2reg_reg) is unused and will be removed from module DataPath.
WARNING: [Synth 8-3332] Sequential element (cu_dp/wmem_reg) is unused and will be removed from module DataPath.
WARNING: [Synth 8-3332] Sequential element (cu_dp/aluc_reg[3]) is unused and will be removed from module DataPath.
WARNING: [Synth 8-3332] Sequential element (cu_dp/aluc_reg[2]) is unused and will be removed from module DataPath.
WARNING: [Synth 8-3332] Sequential element (cu_dp/aluc_reg[1]) is unused and will be removed from module DataPath.
WARNING: [Synth 8-3332] Sequential element (alu_dp/r_reg[31]) is unused and will be removed from module DataPath.
WARNING: [Synth 8-3332] Sequential element (alu_dp/r_reg[30]) is unused and will be removed from module DataPath.
WARNING: [Synth 8-3332] Sequential element (alu_dp/r_reg[29]) is unused and will be removed from module DataPath.
WARNING: [Synth 8-3332] Sequential element (alu_dp/r_reg[28]) is unused and will be removed from module DataPath.
WARNING: [Synth 8-3332] Sequential element (alu_dp/r_reg[27]) is unused and will be removed from module DataPath.
WARNING: [Synth 8-3332] Sequential element (alu_dp/r_reg[26]) is unused and will be removed from module DataPath.
WARNING: [Synth 8-3332] Sequential element (alu_dp/r_reg[25]) is unused and will be removed from module DataPath.
WARNING: [Synth 8-3332] Sequential element (alu_dp/r_reg[24]) is unused and will be removed from module DataPath.
WARNING: [Synth 8-3332] Sequential element (alu_dp/r_reg[23]) is unused and will be removed from module DataPath.
WARNING: [Synth 8-3332] Sequential element (alu_dp/r_reg[22]) is unused and will be removed from module DataPath.
WARNING: [Synth 8-3332] Sequential element (alu_dp/r_reg[21]) is unused and will be removed from module DataPath.
WARNING: [Synth 8-3332] Sequential element (alu_dp/r_reg[20]) is unused and will be removed from module DataPath.
WARNING: [Synth 8-3332] Sequential element (alu_dp/r_reg[19]) is unused and will be removed from module DataPath.
WARNING: [Synth 8-3332] Sequential element (alu_dp/r_reg[18]) is unused and will be removed from module DataPath.
WARNING: [Synth 8-3332] Sequential element (alu_dp/r_reg[17]) is unused and will be removed from module DataPath.
WARNING: [Synth 8-3332] Sequential element (alu_dp/r_reg[16]) is unused and will be removed from module DataPath.
WARNING: [Synth 8-3332] Sequential element (alu_dp/r_reg[15]) is unused and will be removed from module DataPath.
WARNING: [Synth 8-3332] Sequential element (alu_dp/r_reg[14]) is unused and will be removed from module DataPath.
WARNING: [Synth 8-3332] Sequential element (alu_dp/r_reg[13]) is unused and will be removed from module DataPath.
WARNING: [Synth 8-3332] Sequential element (alu_dp/r_reg[12]) is unused and will be removed from module DataPath.
WARNING: [Synth 8-3332] Sequential element (alu_dp/r_reg[11]) is unused and will be removed from module DataPath.
WARNING: [Synth 8-3332] Sequential element (alu_dp/r_reg[10]) is unused and will be removed from module DataPath.
WARNING: [Synth 8-3332] Sequential element (alu_dp/r_reg[9]) is unused and will be removed from module DataPath.
WARNING: [Synth 8-3332] Sequential element (alu_dp/r_reg[8]) is unused and will be removed from module DataPath.
WARNING: [Synth 8-3332] Sequential element (alu_dp/r_reg[7]) is unused and will be removed from module DataPath.
WARNING: [Synth 8-3332] Sequential element (alu_dp/r_reg[6]) is unused and will be removed from module DataPath.
WARNING: [Synth 8-3332] Sequential element (alu_dp/r_reg[5]) is unused and will be removed from module DataPath.
WARNING: [Synth 8-3332] Sequential element (alu_dp/r_reg[4]) is unused and will be removed from module DataPath.
WARNING: [Synth 8-3332] Sequential element (alu_dp/r_reg[3]) is unused and will be removed from module DataPath.
WARNING: [Synth 8-3332] Sequential element (alu_dp/r_reg[2]) is unused and will be removed from module DataPath.
WARNING: [Synth 8-3332] Sequential element (alu_dp/r_reg[1]) is unused and will be removed from module DataPath.
WARNING: [Synth 8-3332] Sequential element (alu_dp/r_reg[0]) is unused and will be removed from module DataPath.
---------------------------------------------------------------------------------
Finished Cross Boundary and Area Optimization : Time (s): cpu = 00:00:11 ; elapsed = 00:00:16 . Memory (MB): peak = 1377.500 ; gain = 0.000
---------------------------------------------------------------------------------
---------------------------------------------------------------------------------
Start ROM, RAM, DSP, Shift Register and Retiming Reporting
---------------------------------------------------------------------------------

Block RAM: Preliminary Mapping Report (see note below)
+------------+-----------------------+------------------------+---+---+------------------------+---+---+------------------+--------+--------+
|Module Name | RTL Object            | PORT A (Depth x Width) | W | R | PORT B (Depth x Width) | W | R | Ports driving FF | RAMB18 | RAMB36 | 
+------------+-----------------------+------------------------+---+---+------------------------+---+---+------------------+--------+--------+
|DataPath    | datamem_dp/memory_reg | 32 x 32(READ_FIRST)    | W |   | 32 x 32(WRITE_FIRST)   |   | R | Port A and B     | 1      | 0      | 
+------------+-----------------------+------------------------+---+---+------------------------+---+---+------------------+--------+--------+

Note: The table above is a preliminary report that shows the Block RAMs at the current stage of the synthesis flow. Some Block RAMs may be reimplemented as non Block RAM primitives later in the synthesis flow. Multiple instantiated Block RAMs are reported only once. 
---------------------------------------------------------------------------------
Finished ROM, RAM, DSP, Shift Register and Retiming Reporting
---------------------------------------------------------------------------------
No constraint files found.
---------------------------------------------------------------------------------
Start Timing Optimization
---------------------------------------------------------------------------------
---------------------------------------------------------------------------------
Finished Timing Optimization : Time (s): cpu = 00:00:11 ; elapsed = 00:00:16 . Memory (MB): peak = 1377.500 ; gain = 0.000
---------------------------------------------------------------------------------
---------------------------------------------------------------------------------
Start ROM, RAM, DSP, Shift Register and Retiming Reporting
---------------------------------------------------------------------------------

Block RAM: Final Mapping Report
+------------+-----------------------+------------------------+---+---+------------------------+---+---+------------------+--------+--------+
|Module Name | RTL Object            | PORT A (Depth x Width) | W | R | PORT B (Depth x Width) | W | R | Ports driving FF | RAMB18 | RAMB36 | 
+------------+-----------------------+------------------------+---+---+------------------------+---+---+------------------+--------+--------+
|DataPath    | datamem_dp/memory_reg | 32 x 32(READ_FIRST)    | W |   | 32 x 32(WRITE_FIRST)   |   | R | Port A and B     | 1      | 0      | 
+------------+-----------------------+------------------------+---+---+------------------------+---+---+------------------+--------+--------+

---------------------------------------------------------------------------------
Finished ROM, RAM, DSP, Shift Register and Retiming Reporting
---------------------------------------------------------------------------------
---------------------------------------------------------------------------------
Start Technology Mapping
---------------------------------------------------------------------------------
INFO: [Synth 8-7052] The timing for the instance datamem_dp/memory_reg (implemented as a Block RAM) might be sub-optimal as no optional output register could be merged into the ram block. Providing additional output register may help in improving timing.
---------------------------------------------------------------------------------
Finished Technology Mapping : Time (s): cpu = 00:00:11 ; elapsed = 00:00:16 . Memory (MB): peak = 1377.500 ; gain = 0.000
---------------------------------------------------------------------------------
---------------------------------------------------------------------------------
Start IO Insertion
---------------------------------------------------------------------------------
---------------------------------------------------------------------------------
Start Flattening Before IO Insertion
---------------------------------------------------------------------------------
---------------------------------------------------------------------------------
Finished Flattening Before IO Insertion
---------------------------------------------------------------------------------
---------------------------------------------------------------------------------
Start Final Netlist Cleanup
---------------------------------------------------------------------------------
---------------------------------------------------------------------------------
Finished Final Netlist Cleanup
---------------------------------------------------------------------------------
---------------------------------------------------------------------------------
Finished IO Insertion : Time (s): cpu = 00:00:15 ; elapsed = 00:00:20 . Memory (MB): peak = 1377.500 ; gain = 0.000
---------------------------------------------------------------------------------
---------------------------------------------------------------------------------
Start Renaming Generated Instances
---------------------------------------------------------------------------------
---------------------------------------------------------------------------------
Finished Renaming Generated Instances : Time (s): cpu = 00:00:15 ; elapsed = 00:00:20 . Memory (MB): peak = 1377.500 ; gain = 0.000
---------------------------------------------------------------------------------
---------------------------------------------------------------------------------
Start Rebuilding User Hierarchy
---------------------------------------------------------------------------------
---------------------------------------------------------------------------------
Finished Rebuilding User Hierarchy : Time (s): cpu = 00:00:15 ; elapsed = 00:00:20 . Memory (MB): peak = 1377.500 ; gain = 0.000
---------------------------------------------------------------------------------
---------------------------------------------------------------------------------
Start Renaming Generated Ports
---------------------------------------------------------------------------------
---------------------------------------------------------------------------------
Finished Renaming Generated Ports : Time (s): cpu = 00:00:15 ; elapsed = 00:00:20 . Memory (MB): peak = 1377.500 ; gain = 0.000
---------------------------------------------------------------------------------
---------------------------------------------------------------------------------
Start Handling Custom Attributes
---------------------------------------------------------------------------------
---------------------------------------------------------------------------------
Finished Handling Custom Attributes : Time (s): cpu = 00:00:15 ; elapsed = 00:00:20 . Memory (MB): peak = 1377.500 ; gain = 0.000
---------------------------------------------------------------------------------
---------------------------------------------------------------------------------
Start Renaming Generated Nets
---------------------------------------------------------------------------------
---------------------------------------------------------------------------------
Finished Renaming Generated Nets : Time (s): cpu = 00:00:15 ; elapsed = 00:00:20 . Memory (MB): peak = 1377.500 ; gain = 0.000
---------------------------------------------------------------------------------
---------------------------------------------------------------------------------
Start Writing Synthesis Report
---------------------------------------------------------------------------------

Report BlackBoxes: 
+-+--------------+----------+
| |BlackBox name |Instances |
+-+--------------+----------+
+-+--------------+----------+

Report Cell Usage: 
+------+---------+------+
|      |Cell     |Count |
+------+---------+------+
|1     |BUFG     |     1|
|2     |CARRY4   |     8|
|3     |LUT1     |     3|
|4     |LUT2     |     2|
|5     |RAMB18E1 |     1|
|6     |FDRE     |    42|
|7     |IBUF     |     1|
|8     |OBUF     |   316|
+------+---------+------+

Report Instance Areas: 
+------+---------------+------------------+------+
|      |Instance       |Module            |Cells |
+------+---------------+------------------+------+
|1     |top            |                  |   374|
|2     |  datamem_dp   |DataMemory        |     1|
|3     |  exememreg_dp |EXEMEMPipelineReg |     3|
|4     |  idexereg_dp  |IDEXEPipelineReg  |     3|
|5     |  ifidreg_dp   |IFIDPipelineReg   |     3|
|6     |  memwbreb_dp  |MEMWBPipelineReg  |     3|
|7     |  pc_dp        |PC                |    42|
+------+---------------+------------------+------+
---------------------------------------------------------------------------------
Finished Writing Synthesis Report : Time (s): cpu = 00:00:15 ; elapsed = 00:00:20 . Memory (MB): peak = 1377.500 ; gain = 0.000
---------------------------------------------------------------------------------
Synthesis finished with 0 errors, 0 critical warnings and 97 warnings.
Synthesis Optimization Runtime : Time (s): cpu = 00:00:15 ; elapsed = 00:00:20 . Memory (MB): peak = 1377.500 ; gain = 0.000
Synthesis Optimization Complete : Time (s): cpu = 00:00:15 ; elapsed = 00:00:20 . Memory (MB): peak = 1377.500 ; gain = 0.000
INFO: [Project 1-571] Translating synthesized netlist
Netlist sorting complete. Time (s): cpu = 00:00:00 ; elapsed = 00:00:00.004 . Memory (MB): peak = 1377.500 ; gain = 0.000
INFO: [Netlist 29-17] Analyzing 9 Unisim elements for replacement
INFO: [Netlist 29-28] Unisim Transformation completed in 0 CPU seconds
INFO: [Project 1-570] Preparing netlist for logic optimization
INFO: [Opt 31-138] Pushed 1 inverter(s) to 1 load pin(s).
Netlist sorting complete. Time (s): cpu = 00:00:00 ; elapsed = 00:00:00 . Memory (MB): peak = 1377.500 ; gain = 0.000
INFO: [Project 1-111] Unisim Transformation Summary:
No Unisim elements were transformed.

Synth Design complete, checksum: e478a2a0
INFO: [Common 17-83] Releasing license: Synthesis
46 Infos, 97 Warnings, 0 Critical Warnings and 0 Errors encountered.
synth_design completed successfully
synth_design: Time (s): cpu = 00:00:16 ; elapsed = 00:00:22 . Memory (MB): peak = 1377.500 ; gain = 0.000
INFO: [Common 17-1381] The checkpoint 'C:/Users/ksp5368/Documents/CMPEN331/Project_4/Project_4.runs/synth_1/DataPath.dcp' has been generated.
INFO: [runtcl-4] Executing : report_utilization -file DataPath_utilization_synth.rpt -pb DataPath_utilization_synth.pb
INFO: [Common 17-206] Exiting Vivado at Thu Nov 17 17:11:42 2022...
